D:\Angular\DemoApp\wwwroot\src\app\user-details\Shared\userdetail.model.js
D:\Angular\DemoApp\wwwroot\src\app\user-details\Shared\userdetail.model.js.map
D:\Angular\DemoApp\wwwroot\src\app\user-details\Shared\user-details.service.js
D:\Angular\DemoApp\wwwroot\src\app\user-details\Shared\user-details.service.js.map
D:\Angular\DemoApp\wwwroot\src\app\user-details\user-details.component.js
D:\Angular\DemoApp\wwwroot\src\app\user-details\user-details.component.js.map
D:\Angular\DemoApp\wwwroot\src\app\app-routing.module.js
D:\Angular\DemoApp\wwwroot\src\app\app-routing.module.js.map
D:\Angular\DemoApp\wwwroot\src\app\app.component.js
D:\Angular\DemoApp\wwwroot\src\app\app.component.js.map
D:\Angular\DemoApp\wwwroot\src\app\app.module.js
D:\Angular\DemoApp\wwwroot\src\app\app.module.js.map
D:\Angular\DemoApp\wwwroot\src\environments\environment.js
D:\Angular\DemoApp\wwwroot\src\environments\environment.js.map
D:\Angular\DemoApp\wwwroot\src\main.js
D:\Angular\DemoApp\wwwroot\src\main.js.map
D:\Angular\DemoApp\wwwroot\src\polyfills.js
D:\Angular\DemoApp\wwwroot\src\polyfills.js.map
D:\Angular\DemoApp\wwwroot\src\test.js
D:\Angular\DemoApp\wwwroot\src\test.js.map
D:\Angular\DemoApp\wwwroot\src\environments\environment.prod.js
D:\Angular\DemoApp\wwwroot\src\environments\environment.prod.js.map
D:\Angular\DemoApp\wwwroot\src\app\app.component.spec.js
D:\Angular\DemoApp\wwwroot\src\app\app.component.spec.js.map
D:\Angular\DemoApp\wwwroot\src\app\user-details\user-details.component.spec.js
D:\Angular\DemoApp\wwwroot\src\app\user-details\user-details.component.spec.js.map
D:\Angular\DemoApp\wwwroot\src\app\user-details\Shared\user-details.service.spec.js
D:\Angular\DemoApp\wwwroot\src\app\user-details\Shared\user-details.service.spec.js.map
D:\Angular\DemoApp\wwwroot\e2e\app.po.js
D:\Angular\DemoApp\wwwroot\e2e\app.po.js.map
D:\Angular\DemoApp\wwwroot\e2e\app.e2e-spec.js
D:\Angular\DemoApp\wwwroot\e2e\app.e2e-spec.js.map
D:\Angular\DemoApp\wwwroot\src\app\user-details\Shared\userdetail.model.js
D:\Angular\DemoApp\wwwroot\src\app\user-details\Shared\userdetail.model.js.map
D:\Angular\DemoApp\wwwroot\src\app\user-details\Shared\user-details.service.js
D:\Angular\DemoApp\wwwroot\src\app\user-details\Shared\user-details.service.js.map
D:\Angular\DemoApp\wwwroot\src\app\user-details\user-details.component.js
D:\Angular\DemoApp\wwwroot\src\app\user-details\user-details.component.js.map
D:\Angular\DemoApp\wwwroot\src\app\app-routing.module.js
D:\Angular\DemoApp\wwwroot\src\app\app-routing.module.js.map
D:\Angular\DemoApp\wwwroot\src\app\app.component.js
D:\Angular\DemoApp\wwwroot\src\app\app.component.js.map
D:\Angular\DemoApp\wwwroot\src\app\app.module.js
D:\Angular\DemoApp\wwwroot\src\app\app.module.js.map
D:\Angular\DemoApp\wwwroot\src\environments\environment.js
D:\Angular\DemoApp\wwwroot\src\environments\environment.js.map
D:\Angular\DemoApp\wwwroot\src\main.js
D:\Angular\DemoApp\wwwroot\src\main.js.map
D:\Angular\DemoApp\wwwroot\src\polyfills.js
D:\Angular\DemoApp\wwwroot\src\polyfills.js.map
D:\Angular\DemoApp\wwwroot\src\test.js
D:\Angular\DemoApp\wwwroot\src\test.js.map
D:\Angular\DemoApp\wwwroot\src\environments\environment.prod.js
D:\Angular\DemoApp\wwwroot\src\environments\environment.prod.js.map
D:\Angular\DemoApp\wwwroot\src\app\app.component.spec.js
D:\Angular\DemoApp\wwwroot\src\app\app.component.spec.js.map
D:\Angular\DemoApp\wwwroot\src\app\user-details\user-details.component.spec.js
D:\Angular\DemoApp\wwwroot\src\app\user-details\user-details.component.spec.js.map
D:\Angular\DemoApp\wwwroot\src\app\user-details\Shared\user-details.service.spec.js
D:\Angular\DemoApp\wwwroot\src\app\user-details\Shared\user-details.service.spec.js.map
D:\Angular\DemoApp\wwwroot\e2e\app.po.js
D:\Angular\DemoApp\wwwroot\e2e\app.po.js.map
D:\Angular\DemoApp\wwwroot\e2e\app.e2e-spec.js
D:\Angular\DemoApp\wwwroot\e2e\app.e2e-spec.js.map
D:\Angular\DemoApp\wwwroot\src\app\user-details\Shared\userdetail.model.js
D:\Angular\DemoApp\wwwroot\src\app\user-details\Shared\userdetail.model.js.map
D:\Angular\DemoApp\wwwroot\src\app\user-details\Shared\user-details.service.js
D:\Angular\DemoApp\wwwroot\src\app\user-details\Shared\user-details.service.js.map
D:\Angular\DemoApp\wwwroot\src\app\user-details\user-details.component.js
D:\Angular\DemoApp\wwwroot\src\app\user-details\user-details.component.js.map
D:\Angular\DemoApp\wwwroot\src\app\app-routing.module.js
D:\Angular\DemoApp\wwwroot\src\app\app-routing.module.js.map
D:\Angular\DemoApp\wwwroot\src\app\app.component.js
D:\Angular\DemoApp\wwwroot\src\app\app.component.js.map
D:\Angular\DemoApp\wwwroot\src\app\app.module.js
D:\Angular\DemoApp\wwwroot\src\app\app.module.js.map
D:\Angular\DemoApp\wwwroot\src\environments\environment.js
D:\Angular\DemoApp\wwwroot\src\environments\environment.js.map
D:\Angular\DemoApp\wwwroot\src\main.js
D:\Angular\DemoApp\wwwroot\src\main.js.map
D:\Angular\DemoApp\wwwroot\src\polyfills.js
D:\Angular\DemoApp\wwwroot\src\polyfills.js.map
D:\Angular\DemoApp\wwwroot\src\test.js
D:\Angular\DemoApp\wwwroot\src\test.js.map
D:\Angular\DemoApp\wwwroot\src\environments\environment.prod.js
D:\Angular\DemoApp\wwwroot\src\environments\environment.prod.js.map
D:\Angular\DemoApp\wwwroot\src\app\app.component.spec.js
D:\Angular\DemoApp\wwwroot\src\app\app.component.spec.js.map
D:\Angular\DemoApp\wwwroot\src\app\user-details\user-details.component.spec.js
D:\Angular\DemoApp\wwwroot\src\app\user-details\user-details.component.spec.js.map
D:\Angular\DemoApp\wwwroot\src\app\user-details\Shared\user-details.service.spec.js
D:\Angular\DemoApp\wwwroot\src\app\user-details\Shared\user-details.service.spec.js.map
D:\Angular\DemoApp\wwwroot\e2e\app.po.js
D:\Angular\DemoApp\wwwroot\e2e\app.po.js.map
D:\Angular\DemoApp\wwwroot\e2e\app.e2e-spec.js
D:\Angular\DemoApp\wwwroot\e2e\app.e2e-spec.js.map
D:\Angular\DemoApp\wwwroot\src\app\user-details\Shared\userdetail.model.js
D:\Angular\DemoApp\wwwroot\src\app\user-details\Shared\userdetail.model.js.map
D:\Angular\DemoApp\wwwroot\src\app\user-details\Shared\user-details.service.js
D:\Angular\DemoApp\wwwroot\src\app\user-details\Shared\user-details.service.js.map
D:\Angular\DemoApp\wwwroot\src\app\user-details\user-details.component.js
D:\Angular\DemoApp\wwwroot\src\app\user-details\user-details.component.js.map
D:\Angular\DemoApp\wwwroot\src\app\app-routing.module.js
D:\Angular\DemoApp\wwwroot\src\app\app-routing.module.js.map
D:\Angular\DemoApp\wwwroot\src\app\app.component.js
D:\Angular\DemoApp\wwwroot\src\app\app.component.js.map
D:\Angular\DemoApp\wwwroot\src\app\app.module.js
D:\Angular\DemoApp\wwwroot\src\app\app.module.js.map
D:\Angular\DemoApp\wwwroot\src\environments\environment.js
D:\Angular\DemoApp\wwwroot\src\environments\environment.js.map
D:\Angular\DemoApp\wwwroot\src\main.js
D:\Angular\DemoApp\wwwroot\src\main.js.map
D:\Angular\DemoApp\wwwroot\src\polyfills.js
D:\Angular\DemoApp\wwwroot\src\polyfills.js.map
D:\Angular\DemoApp\wwwroot\src\test.js
D:\Angular\DemoApp\wwwroot\src\test.js.map
D:\Angular\DemoApp\wwwroot\src\environments\environment.prod.js
D:\Angular\DemoApp\wwwroot\src\environments\environment.prod.js.map
D:\Angular\DemoApp\wwwroot\src\app\app.component.spec.js
D:\Angular\DemoApp\wwwroot\src\app\app.component.spec.js.map
D:\Angular\DemoApp\wwwroot\src\app\user-details\user-details.component.spec.js
D:\Angular\DemoApp\wwwroot\src\app\user-details\user-details.component.spec.js.map
D:\Angular\DemoApp\wwwroot\src\app\user-details\Shared\user-details.service.spec.js
D:\Angular\DemoApp\wwwroot\src\app\user-details\Shared\user-details.service.spec.js.map
D:\Angular\DemoApp\wwwroot\e2e\app.po.js
D:\Angular\DemoApp\wwwroot\e2e\app.po.js.map
D:\Angular\DemoApp\wwwroot\e2e\app.e2e-spec.js
D:\Angular\DemoApp\wwwroot\e2e\app.e2e-spec.js.map
D:\Angular\DemoApp\wwwroot\src\app\user-details\Shared\userdetail.model.js
D:\Angular\DemoApp\wwwroot\src\app\user-details\Shared\userdetail.model.js.map
D:\Angular\DemoApp\wwwroot\src\app\user-details\Shared\user-details.service.js
D:\Angular\DemoApp\wwwroot\src\app\user-details\Shared\user-details.service.js.map
D:\Angular\DemoApp\wwwroot\src\app\user-details\user-details.component.js
D:\Angular\DemoApp\wwwroot\src\app\user-details\user-details.component.js.map
D:\Angular\DemoApp\wwwroot\src\app\app-routing.module.js
D:\Angular\DemoApp\wwwroot\src\app\app-routing.module.js.map
D:\Angular\DemoApp\wwwroot\src\app\app.component.js
D:\Angular\DemoApp\wwwroot\src\app\app.component.js.map
D:\Angular\DemoApp\wwwroot\src\app\app.module.js
D:\Angular\DemoApp\wwwroot\src\app\app.module.js.map
D:\Angular\DemoApp\wwwroot\src\environments\environment.js
D:\Angular\DemoApp\wwwroot\src\environments\environment.js.map
D:\Angular\DemoApp\wwwroot\src\main.js
D:\Angular\DemoApp\wwwroot\src\main.js.map
D:\Angular\DemoApp\wwwroot\src\polyfills.js
D:\Angular\DemoApp\wwwroot\src\polyfills.js.map
D:\Angular\DemoApp\wwwroot\src\test.js
D:\Angular\DemoApp\wwwroot\src\test.js.map
D:\Angular\DemoApp\wwwroot\src\environments\environment.prod.js
D:\Angular\DemoApp\wwwroot\src\environments\environment.prod.js.map
D:\Angular\DemoApp\wwwroot\src\app\app.component.spec.js
D:\Angular\DemoApp\wwwroot\src\app\app.component.spec.js.map
D:\Angular\DemoApp\wwwroot\src\app\user-details\user-details.component.spec.js
D:\Angular\DemoApp\wwwroot\src\app\user-details\user-details.component.spec.js.map
D:\Angular\DemoApp\wwwroot\src\app\user-details\Shared\user-details.service.spec.js
D:\Angular\DemoApp\wwwroot\src\app\user-details\Shared\user-details.service.spec.js.map
D:\Angular\DemoApp\wwwroot\e2e\app.po.js
D:\Angular\DemoApp\wwwroot\e2e\app.po.js.map
D:\Angular\DemoApp\wwwroot\e2e\app.e2e-spec.js
D:\Angular\DemoApp\wwwroot\e2e\app.e2e-spec.js.map
D:\Angular\DemoApp\wwwroot\src\app\user-details\Shared\userdetail.model.js
D:\Angular\DemoApp\wwwroot\src\app\user-details\Shared\userdetail.model.js.map
D:\Angular\DemoApp\wwwroot\src\app\user-details\Shared\user-details.service.js
D:\Angular\DemoApp\wwwroot\src\app\user-details\Shared\user-details.service.js.map
D:\Angular\DemoApp\wwwroot\src\app\user-details\user-details.component.js
D:\Angular\DemoApp\wwwroot\src\app\user-details\user-details.component.js.map
D:\Angular\DemoApp\wwwroot\src\app\app-routing.module.js
D:\Angular\DemoApp\wwwroot\src\app\app-routing.module.js.map
D:\Angular\DemoApp\wwwroot\src\app\app.component.js
D:\Angular\DemoApp\wwwroot\src\app\app.component.js.map
D:\Angular\DemoApp\wwwroot\src\app\app.module.js
D:\Angular\DemoApp\wwwroot\src\app\app.module.js.map
D:\Angular\DemoApp\wwwroot\src\environments\environment.js
D:\Angular\DemoApp\wwwroot\src\environments\environment.js.map
D:\Angular\DemoApp\wwwroot\src\main.js
D:\Angular\DemoApp\wwwroot\src\main.js.map
D:\Angular\DemoApp\wwwroot\src\polyfills.js
D:\Angular\DemoApp\wwwroot\src\polyfills.js.map
D:\Angular\DemoApp\wwwroot\src\test.js
D:\Angular\DemoApp\wwwroot\src\test.js.map
D:\Angular\DemoApp\wwwroot\src\environments\environment.prod.js
D:\Angular\DemoApp\wwwroot\src\environments\environment.prod.js.map
D:\Angular\DemoApp\wwwroot\src\app\app.component.spec.js
D:\Angular\DemoApp\wwwroot\src\app\app.component.spec.js.map
D:\Angular\DemoApp\wwwroot\src\app\user-details\user-details.component.spec.js
D:\Angular\DemoApp\wwwroot\src\app\user-details\user-details.component.spec.js.map
D:\Angular\DemoApp\wwwroot\src\app\user-details\Shared\user-details.service.spec.js
D:\Angular\DemoApp\wwwroot\src\app\user-details\Shared\user-details.service.spec.js.map
D:\Angular\DemoApp\wwwroot\e2e\app.po.js
D:\Angular\DemoApp\wwwroot\e2e\app.po.js.map
D:\Angular\DemoApp\wwwroot\e2e\app.e2e-spec.js
D:\Angular\DemoApp\wwwroot\e2e\app.e2e-spec.js.map
D:\Angular\DemoApp\wwwroot\src\app\user-details\Shared\userdetail.model.js
D:\Angular\DemoApp\wwwroot\src\app\user-details\Shared\userdetail.model.js.map
D:\Angular\DemoApp\wwwroot\src\app\user-details\Shared\user-details.service.js
D:\Angular\DemoApp\wwwroot\src\app\user-details\Shared\user-details.service.js.map
D:\Angular\DemoApp\wwwroot\src\app\user-details\user-details.component.js
D:\Angular\DemoApp\wwwroot\src\app\user-details\user-details.component.js.map
D:\Angular\DemoApp\wwwroot\src\app\app-routing.module.js
D:\Angular\DemoApp\wwwroot\src\app\app-routing.module.js.map
D:\Angular\DemoApp\wwwroot\src\app\app.component.js
D:\Angular\DemoApp\wwwroot\src\app\app.component.js.map
D:\Angular\DemoApp\wwwroot\src\app\app.module.js
D:\Angular\DemoApp\wwwroot\src\app\app.module.js.map
D:\Angular\DemoApp\wwwroot\src\environments\environment.js
D:\Angular\DemoApp\wwwroot\src\environments\environment.js.map
D:\Angular\DemoApp\wwwroot\src\main.js
D:\Angular\DemoApp\wwwroot\src\main.js.map
D:\Angular\DemoApp\wwwroot\src\polyfills.js
D:\Angular\DemoApp\wwwroot\src\polyfills.js.map
D:\Angular\DemoApp\wwwroot\src\test.js
D:\Angular\DemoApp\wwwroot\src\test.js.map
D:\Angular\DemoApp\wwwroot\src\environments\environment.prod.js
D:\Angular\DemoApp\wwwroot\src\environments\environment.prod.js.map
D:\Angular\DemoApp\wwwroot\src\app\app.component.spec.js
D:\Angular\DemoApp\wwwroot\src\app\app.component.spec.js.map
D:\Angular\DemoApp\wwwroot\src\app\user-details\user-details.component.spec.js
D:\Angular\DemoApp\wwwroot\src\app\user-details\user-details.component.spec.js.map
D:\Angular\DemoApp\wwwroot\src\app\user-details\Shared\user-details.service.spec.js
D:\Angular\DemoApp\wwwroot\src\app\user-details\Shared\user-details.service.spec.js.map
D:\Angular\DemoApp\wwwroot\e2e\app.po.js
D:\Angular\DemoApp\wwwroot\e2e\app.po.js.map
D:\Angular\DemoApp\wwwroot\e2e\app.e2e-spec.js
D:\Angular\DemoApp\wwwroot\e2e\app.e2e-spec.js.map
D:\Angular\DemoApp\wwwroot\src\app\user-details\Shared\userdetail.model.js
D:\Angular\DemoApp\wwwroot\src\app\user-details\Shared\userdetail.model.js.map
D:\Angular\DemoApp\wwwroot\src\app\user-details\Shared\user-details.service.js
D:\Angular\DemoApp\wwwroot\src\app\user-details\Shared\user-details.service.js.map
D:\Angular\DemoApp\wwwroot\src\app\user-details\user-details.component.js
D:\Angular\DemoApp\wwwroot\src\app\user-details\user-details.component.js.map
D:\Angular\DemoApp\wwwroot\src\app\app-routing.module.js
D:\Angular\DemoApp\wwwroot\src\app\app-routing.module.js.map
D:\Angular\DemoApp\wwwroot\src\app\app.component.js
D:\Angular\DemoApp\wwwroot\src\app\app.component.js.map
D:\Angular\DemoApp\wwwroot\src\app\app.module.js
D:\Angular\DemoApp\wwwroot\src\app\app.module.js.map
D:\Angular\DemoApp\wwwroot\src\environments\environment.js
D:\Angular\DemoApp\wwwroot\src\environments\environment.js.map
D:\Angular\DemoApp\wwwroot\src\main.js
D:\Angular\DemoApp\wwwroot\src\main.js.map
D:\Angular\DemoApp\wwwroot\src\polyfills.js
D:\Angular\DemoApp\wwwroot\src\polyfills.js.map
D:\Angular\DemoApp\wwwroot\src\test.js
D:\Angular\DemoApp\wwwroot\src\test.js.map
D:\Angular\DemoApp\wwwroot\src\environments\environment.prod.js
D:\Angular\DemoApp\wwwroot\src\environments\environment.prod.js.map
D:\Angular\DemoApp\wwwroot\src\app\app.component.spec.js
D:\Angular\DemoApp\wwwroot\src\app\app.component.spec.js.map
D:\Angular\DemoApp\wwwroot\src\app\user-details\user-details.component.spec.js
D:\Angular\DemoApp\wwwroot\src\app\user-details\user-details.component.spec.js.map
D:\Angular\DemoApp\wwwroot\src\app\user-details\Shared\user-details.service.spec.js
D:\Angular\DemoApp\wwwroot\src\app\user-details\Shared\user-details.service.spec.js.map
D:\Angular\DemoApp\wwwroot\e2e\app.po.js
D:\Angular\DemoApp\wwwroot\e2e\app.po.js.map
D:\Angular\DemoApp\wwwroot\e2e\app.e2e-spec.js
D:\Angular\DemoApp\wwwroot\e2e\app.e2e-spec.js.map
D:\Angular\DemoApp\wwwroot\src\app\user-details\Shared\userdetail.model.js
D:\Angular\DemoApp\wwwroot\src\app\user-details\Shared\userdetail.model.js.map
D:\Angular\DemoApp\wwwroot\src\app\user-details\Shared\user-details.service.js
D:\Angular\DemoApp\wwwroot\src\app\user-details\Shared\user-details.service.js.map
D:\Angular\DemoApp\wwwroot\src\app\user-details\user-details.component.js
D:\Angular\DemoApp\wwwroot\src\app\user-details\user-details.component.js.map
D:\Angular\DemoApp\wwwroot\src\app\app-routing.module.js
D:\Angular\DemoApp\wwwroot\src\app\app-routing.module.js.map
D:\Angular\DemoApp\wwwroot\src\app\app.component.js
D:\Angular\DemoApp\wwwroot\src\app\app.component.js.map
D:\Angular\DemoApp\wwwroot\src\app\app.module.js
D:\Angular\DemoApp\wwwroot\src\app\app.module.js.map
D:\Angular\DemoApp\wwwroot\src\environments\environment.js
D:\Angular\DemoApp\wwwroot\src\environments\environment.js.map
D:\Angular\DemoApp\wwwroot\src\main.js
D:\Angular\DemoApp\wwwroot\src\main.js.map
D:\Angular\DemoApp\wwwroot\src\polyfills.js
D:\Angular\DemoApp\wwwroot\src\polyfills.js.map
D:\Angular\DemoApp\wwwroot\src\test.js
D:\Angular\DemoApp\wwwroot\src\test.js.map
D:\Angular\DemoApp\wwwroot\src\environments\environment.prod.js
D:\Angular\DemoApp\wwwroot\src\environments\environment.prod.js.map
D:\Angular\DemoApp\wwwroot\src\app\app.component.spec.js
D:\Angular\DemoApp\wwwroot\src\app\app.component.spec.js.map
D:\Angular\DemoApp\wwwroot\src\app\user-details\user-details.component.spec.js
D:\Angular\DemoApp\wwwroot\src\app\user-details\user-details.component.spec.js.map
D:\Angular\DemoApp\wwwroot\src\app\user-details\Shared\user-details.service.spec.js
D:\Angular\DemoApp\wwwroot\src\app\user-details\Shared\user-details.service.spec.js.map
D:\Angular\DemoApp\wwwroot\e2e\app.po.js
D:\Angular\DemoApp\wwwroot\e2e\app.po.js.map
D:\Angular\DemoApp\wwwroot\e2e\app.e2e-spec.js
D:\Angular\DemoApp\wwwroot\e2e\app.e2e-spec.js.map
D:\Angular\DemoApp\wwwroot\src\app\user-details\Shared\userdetail.model.js
D:\Angular\DemoApp\wwwroot\src\app\user-details\Shared\userdetail.model.js.map
D:\Angular\DemoApp\wwwroot\src\app\user-details\Shared\user-details.service.js
D:\Angular\DemoApp\wwwroot\src\app\user-details\Shared\user-details.service.js.map
D:\Angular\DemoApp\wwwroot\src\app\user-details\user-details.component.js
D:\Angular\DemoApp\wwwroot\src\app\user-details\user-details.component.js.map
D:\Angular\DemoApp\wwwroot\src\app\app-routing.module.js
D:\Angular\DemoApp\wwwroot\src\app\app-routing.module.js.map
D:\Angular\DemoApp\wwwroot\src\app\app.component.js
D:\Angular\DemoApp\wwwroot\src\app\app.component.js.map
D:\Angular\DemoApp\wwwroot\src\app\app.module.js
D:\Angular\DemoApp\wwwroot\src\app\app.module.js.map
D:\Angular\DemoApp\wwwroot\src\environments\environment.js
D:\Angular\DemoApp\wwwroot\src\environments\environment.js.map
D:\Angular\DemoApp\wwwroot\src\main.js
D:\Angular\DemoApp\wwwroot\src\main.js.map
D:\Angular\DemoApp\wwwroot\src\polyfills.js
D:\Angular\DemoApp\wwwroot\src\polyfills.js.map
D:\Angular\DemoApp\wwwroot\src\test.js
D:\Angular\DemoApp\wwwroot\src\test.js.map
D:\Angular\DemoApp\wwwroot\src\environments\environment.prod.js
D:\Angular\DemoApp\wwwroot\src\environments\environment.prod.js.map
D:\Angular\DemoApp\wwwroot\src\app\app.component.spec.js
D:\Angular\DemoApp\wwwroot\src\app\app.component.spec.js.map
D:\Angular\DemoApp\wwwroot\src\app\user-details\user-details.component.spec.js
D:\Angular\DemoApp\wwwroot\src\app\user-details\user-details.component.spec.js.map
D:\Angular\DemoApp\wwwroot\src\app\user-details\Shared\user-details.service.spec.js
D:\Angular\DemoApp\wwwroot\src\app\user-details\Shared\user-details.service.spec.js.map
D:\Angular\DemoApp\wwwroot\e2e\app.po.js
D:\Angular\DemoApp\wwwroot\e2e\app.po.js.map
D:\Angular\DemoApp\wwwroot\e2e\app.e2e-spec.js
D:\Angular\DemoApp\wwwroot\e2e\app.e2e-spec.js.map
D:\Angular\DemoApp\wwwroot\src\app\user-details\Shared\userdetail.model.js
D:\Angular\DemoApp\wwwroot\src\app\user-details\Shared\userdetail.model.js.map
D:\Angular\DemoApp\wwwroot\src\app\user-details\Shared\user-details.service.js
D:\Angular\DemoApp\wwwroot\src\app\user-details\Shared\user-details.service.js.map
D:\Angular\DemoApp\wwwroot\src\app\user-details\user-details.component.js
D:\Angular\DemoApp\wwwroot\src\app\user-details\user-details.component.js.map
D:\Angular\DemoApp\wwwroot\src\app\app-routing.module.js
D:\Angular\DemoApp\wwwroot\src\app\app-routing.module.js.map
D:\Angular\DemoApp\wwwroot\src\app\app.component.js
D:\Angular\DemoApp\wwwroot\src\app\app.component.js.map
D:\Angular\DemoApp\wwwroot\src\app\app.module.js
D:\Angular\DemoApp\wwwroot\src\app\app.module.js.map
D:\Angular\DemoApp\wwwroot\src\environments\environment.js
D:\Angular\DemoApp\wwwroot\src\environments\environment.js.map
D:\Angular\DemoApp\wwwroot\src\main.js
D:\Angular\DemoApp\wwwroot\src\main.js.map
D:\Angular\DemoApp\wwwroot\src\polyfills.js
D:\Angular\DemoApp\wwwroot\src\polyfills.js.map
D:\Angular\DemoApp\wwwroot\src\test.js
D:\Angular\DemoApp\wwwroot\src\test.js.map
D:\Angular\DemoApp\wwwroot\src\environments\environment.prod.js
D:\Angular\DemoApp\wwwroot\src\environments\environment.prod.js.map
D:\Angular\DemoApp\wwwroot\src\app\app.component.spec.js
D:\Angular\DemoApp\wwwroot\src\app\app.component.spec.js.map
D:\Angular\DemoApp\wwwroot\src\app\user-details\user-details.component.spec.js
D:\Angular\DemoApp\wwwroot\src\app\user-details\user-details.component.spec.js.map
D:\Angular\DemoApp\wwwroot\src\app\user-details\Shared\user-details.service.spec.js
D:\Angular\DemoApp\wwwroot\src\app\user-details\Shared\user-details.service.spec.js.map
D:\Angular\DemoApp\wwwroot\e2e\app.po.js
D:\Angular\DemoApp\wwwroot\e2e\app.po.js.map
D:\Angular\DemoApp\wwwroot\e2e\app.e2e-spec.js
D:\Angular\DemoApp\wwwroot\e2e\app.e2e-spec.js.map
D:\Angular\DemoApp\wwwroot\src\app\user-details\Shared\userdetail.model.js
D:\Angular\DemoApp\wwwroot\src\app\user-details\Shared\userdetail.model.js.map
D:\Angular\DemoApp\wwwroot\src\app\user-details\Shared\user-details.service.js
D:\Angular\DemoApp\wwwroot\src\app\user-details\Shared\user-details.service.js.map
D:\Angular\DemoApp\wwwroot\src\app\user-details\user-details.component.js
D:\Angular\DemoApp\wwwroot\src\app\user-details\user-details.component.js.map
D:\Angular\DemoApp\wwwroot\src\app\app-routing.module.js
D:\Angular\DemoApp\wwwroot\src\app\app-routing.module.js.map
D:\Angular\DemoApp\wwwroot\src\app\app.component.js
D:\Angular\DemoApp\wwwroot\src\app\app.component.js.map
D:\Angular\DemoApp\wwwroot\src\app\app.module.js
D:\Angular\DemoApp\wwwroot\src\app\app.module.js.map
D:\Angular\DemoApp\wwwroot\src\environments\environment.js
D:\Angular\DemoApp\wwwroot\src\environments\environment.js.map
D:\Angular\DemoApp\wwwroot\src\main.js
D:\Angular\DemoApp\wwwroot\src\main.js.map
D:\Angular\DemoApp\wwwroot\src\polyfills.js
D:\Angular\DemoApp\wwwroot\src\polyfills.js.map
D:\Angular\DemoApp\wwwroot\src\test.js
D:\Angular\DemoApp\wwwroot\src\test.js.map
D:\Angular\DemoApp\wwwroot\src\environments\environment.prod.js
D:\Angular\DemoApp\wwwroot\src\environments\environment.prod.js.map
D:\Angular\DemoApp\wwwroot\src\app\app.component.spec.js
D:\Angular\DemoApp\wwwroot\src\app\app.component.spec.js.map
D:\Angular\DemoApp\wwwroot\src\app\user-details\user-details.component.spec.js
D:\Angular\DemoApp\wwwroot\src\app\user-details\user-details.component.spec.js.map
D:\Angular\DemoApp\wwwroot\src\app\user-details\Shared\user-details.service.spec.js
D:\Angular\DemoApp\wwwroot\src\app\user-details\Shared\user-details.service.spec.js.map
D:\Angular\DemoApp\wwwroot\e2e\app.po.js
D:\Angular\DemoApp\wwwroot\e2e\app.po.js.map
D:\Angular\DemoApp\wwwroot\e2e\app.e2e-spec.js
D:\Angular\DemoApp\wwwroot\e2e\app.e2e-spec.js.map
D:\Angular\DemoApp\App\outDir\src\app\user-details\Shared\userdetail.model.js
D:\Angular\DemoApp\App\outDir\src\app\user-details\Shared\userdetail.model.js.map
D:\Angular\DemoApp\App\outDir\src\app\user-details\Shared\user-details.service.js
D:\Angular\DemoApp\App\outDir\src\app\user-details\Shared\user-details.service.js.map
D:\Angular\DemoApp\App\outDir\src\app\user-details\user-details.component.js
D:\Angular\DemoApp\App\outDir\src\app\user-details\user-details.component.js.map
D:\Angular\DemoApp\App\outDir\src\app\app-routing.module.js
D:\Angular\DemoApp\App\outDir\src\app\app-routing.module.js.map
D:\Angular\DemoApp\App\outDir\src\app\app.component.js
D:\Angular\DemoApp\App\outDir\src\app\app.component.js.map
D:\Angular\DemoApp\App\outDir\src\app\app.module.js
D:\Angular\DemoApp\App\outDir\src\app\app.module.js.map
D:\Angular\DemoApp\App\outDir\src\environments\environment.js
D:\Angular\DemoApp\App\outDir\src\environments\environment.js.map
D:\Angular\DemoApp\App\outDir\src\main.js
D:\Angular\DemoApp\App\outDir\src\main.js.map
D:\Angular\DemoApp\App\outDir\src\polyfills.js
D:\Angular\DemoApp\App\outDir\src\polyfills.js.map
D:\Angular\DemoApp\App\outDir\src\test.js
D:\Angular\DemoApp\App\outDir\src\test.js.map
D:\Angular\DemoApp\App\outDir\src\environments\environment.prod.js
D:\Angular\DemoApp\App\outDir\src\environments\environment.prod.js.map
D:\Angular\DemoApp\App\outDir\src\app\app.component.spec.js
D:\Angular\DemoApp\App\outDir\src\app\app.component.spec.js.map
D:\Angular\DemoApp\App\outDir\src\app\user-details\user-details.component.spec.js
D:\Angular\DemoApp\App\outDir\src\app\user-details\user-details.component.spec.js.map
D:\Angular\DemoApp\App\outDir\src\app\user-details\Shared\user-details.service.spec.js
D:\Angular\DemoApp\App\outDir\src\app\user-details\Shared\user-details.service.spec.js.map
D:\Angular\DemoApp\App\outDir\e2e\app.po.js
D:\Angular\DemoApp\App\outDir\e2e\app.po.js.map
D:\Angular\DemoApp\App\outDir\e2e\app.e2e-spec.js
D:\Angular\DemoApp\App\outDir\e2e\app.e2e-spec.js.map
D:\Angular\DemoApp\App\outDir\src\app\user-details\Shared\userdetail.model.js
D:\Angular\DemoApp\App\outDir\src\app\user-details\Shared\userdetail.model.js.map
D:\Angular\DemoApp\App\outDir\src\app\user-details\Shared\user-details.service.js
D:\Angular\DemoApp\App\outDir\src\app\user-details\Shared\user-details.service.js.map
D:\Angular\DemoApp\App\outDir\src\app\user-details\user-details.component.js
D:\Angular\DemoApp\App\outDir\src\app\user-details\user-details.component.js.map
D:\Angular\DemoApp\App\outDir\src\app\app-routing.module.js
D:\Angular\DemoApp\App\outDir\src\app\app-routing.module.js.map
D:\Angular\DemoApp\App\outDir\src\app\app.component.js
D:\Angular\DemoApp\App\outDir\src\app\app.component.js.map
D:\Angular\DemoApp\App\outDir\src\app\app.module.js
D:\Angular\DemoApp\App\outDir\src\app\app.module.js.map
D:\Angular\DemoApp\App\outDir\src\environments\environment.js
D:\Angular\DemoApp\App\outDir\src\environments\environment.js.map
D:\Angular\DemoApp\App\outDir\src\main.js
D:\Angular\DemoApp\App\outDir\src\main.js.map
D:\Angular\DemoApp\App\outDir\src\polyfills.js
D:\Angular\DemoApp\App\outDir\src\polyfills.js.map
D:\Angular\DemoApp\App\outDir\src\test.js
D:\Angular\DemoApp\App\outDir\src\test.js.map
D:\Angular\DemoApp\App\outDir\src\environments\environment.prod.js
D:\Angular\DemoApp\App\outDir\src\environments\environment.prod.js.map
D:\Angular\DemoApp\App\outDir\src\app\app.component.spec.js
D:\Angular\DemoApp\App\outDir\src\app\app.component.spec.js.map
D:\Angular\DemoApp\App\outDir\src\app\user-details\user-details.component.spec.js
D:\Angular\DemoApp\App\outDir\src\app\user-details\user-details.component.spec.js.map
D:\Angular\DemoApp\App\outDir\src\app\user-details\Shared\user-details.service.spec.js
D:\Angular\DemoApp\App\outDir\src\app\user-details\Shared\user-details.service.spec.js.map
D:\Angular\DemoApp\App\outDir\e2e\app.po.js
D:\Angular\DemoApp\App\outDir\e2e\app.po.js.map
D:\Angular\DemoApp\App\outDir\e2e\app.e2e-spec.js
D:\Angular\DemoApp\App\outDir\e2e\app.e2e-spec.js.map
D:\Angular\DemoApp\App\outDir\src\app\user-details\Shared\userdetail.model.js
D:\Angular\DemoApp\App\outDir\src\app\user-details\Shared\userdetail.model.js.map
D:\Angular\DemoApp\App\outDir\src\app\user-details\Shared\user-details.service.js
D:\Angular\DemoApp\App\outDir\src\app\user-details\Shared\user-details.service.js.map
D:\Angular\DemoApp\App\outDir\src\app\user-details\user-details.component.js
D:\Angular\DemoApp\App\outDir\src\app\user-details\user-details.component.js.map
D:\Angular\DemoApp\App\outDir\src\app\app-routing.module.js
D:\Angular\DemoApp\App\outDir\src\app\app-routing.module.js.map
D:\Angular\DemoApp\App\outDir\src\app\app.component.js
D:\Angular\DemoApp\App\outDir\src\app\app.component.js.map
D:\Angular\DemoApp\App\outDir\src\app\app.module.js
D:\Angular\DemoApp\App\outDir\src\app\app.module.js.map
D:\Angular\DemoApp\App\outDir\src\environments\environment.js
D:\Angular\DemoApp\App\outDir\src\environments\environment.js.map
D:\Angular\DemoApp\App\outDir\src\main.js
D:\Angular\DemoApp\App\outDir\src\main.js.map
D:\Angular\DemoApp\App\outDir\src\polyfills.js
D:\Angular\DemoApp\App\outDir\src\polyfills.js.map
D:\Angular\DemoApp\App\outDir\src\test.js
D:\Angular\DemoApp\App\outDir\src\test.js.map
D:\Angular\DemoApp\App\outDir\src\environments\environment.prod.js
D:\Angular\DemoApp\App\outDir\src\environments\environment.prod.js.map
D:\Angular\DemoApp\App\outDir\src\app\app.component.spec.js
D:\Angular\DemoApp\App\outDir\src\app\app.component.spec.js.map
D:\Angular\DemoApp\App\outDir\src\app\user-details\user-details.component.spec.js
D:\Angular\DemoApp\App\outDir\src\app\user-details\user-details.component.spec.js.map
D:\Angular\DemoApp\App\outDir\src\app\user-details\Shared\user-details.service.spec.js
D:\Angular\DemoApp\App\outDir\src\app\user-details\Shared\user-details.service.spec.js.map
D:\Angular\DemoApp\App\outDir\e2e\app.po.js
D:\Angular\DemoApp\App\outDir\e2e\app.po.js.map
D:\Angular\DemoApp\App\outDir\e2e\app.e2e-spec.js
D:\Angular\DemoApp\App\outDir\e2e\app.e2e-spec.js.map
D:\Angular\DemoApp\App\outDir\src\app\user-details\Shared\userdetail.model.js
D:\Angular\DemoApp\App\outDir\src\app\user-details\Shared\userdetail.model.js.map
D:\Angular\DemoApp\App\outDir\src\app\user-details\Shared\user-details.service.js
D:\Angular\DemoApp\App\outDir\src\app\user-details\Shared\user-details.service.js.map
D:\Angular\DemoApp\App\outDir\src\app\user-details\user-details.component.js
D:\Angular\DemoApp\App\outDir\src\app\user-details\user-details.component.js.map
D:\Angular\DemoApp\App\outDir\src\app\app-routing.module.js
D:\Angular\DemoApp\App\outDir\src\app\app-routing.module.js.map
D:\Angular\DemoApp\App\outDir\src\app\app.component.js
D:\Angular\DemoApp\App\outDir\src\app\app.component.js.map
D:\Angular\DemoApp\App\outDir\src\app\app.module.js
D:\Angular\DemoApp\App\outDir\src\app\app.module.js.map
D:\Angular\DemoApp\App\outDir\src\environments\environment.js
D:\Angular\DemoApp\App\outDir\src\environments\environment.js.map
D:\Angular\DemoApp\App\outDir\src\main.js
D:\Angular\DemoApp\App\outDir\src\main.js.map
D:\Angular\DemoApp\App\outDir\src\polyfills.js
D:\Angular\DemoApp\App\outDir\src\polyfills.js.map
D:\Angular\DemoApp\App\outDir\src\test.js
D:\Angular\DemoApp\App\outDir\src\test.js.map
D:\Angular\DemoApp\App\outDir\src\environments\environment.prod.js
D:\Angular\DemoApp\App\outDir\src\environments\environment.prod.js.map
D:\Angular\DemoApp\App\outDir\src\app\app.component.spec.js
D:\Angular\DemoApp\App\outDir\src\app\app.component.spec.js.map
D:\Angular\DemoApp\App\outDir\src\app\user-details\user-details.component.spec.js
D:\Angular\DemoApp\App\outDir\src\app\user-details\user-details.component.spec.js.map
D:\Angular\DemoApp\App\outDir\src\app\user-details\Shared\user-details.service.spec.js
D:\Angular\DemoApp\App\outDir\src\app\user-details\Shared\user-details.service.spec.js.map
D:\Angular\DemoApp\App\outDir\e2e\app.po.js
D:\Angular\DemoApp\App\outDir\e2e\app.po.js.map
D:\Angular\DemoApp\App\outDir\e2e\app.e2e-spec.js
D:\Angular\DemoApp\App\outDir\e2e\app.e2e-spec.js.map
D:\Angular\DemoApp\App\outDir\src\app\user-details\Shared\userdetail.model.js
D:\Angular\DemoApp\App\outDir\src\app\user-details\Shared\userdetail.model.js.map
D:\Angular\DemoApp\App\outDir\src\app\user-details\Shared\user-details.service.js
D:\Angular\DemoApp\App\outDir\src\app\user-details\Shared\user-details.service.js.map
D:\Angular\DemoApp\App\outDir\src\app\user-details\user-details.component.js
D:\Angular\DemoApp\App\outDir\src\app\user-details\user-details.component.js.map
D:\Angular\DemoApp\App\outDir\src\app\app-routing.module.js
D:\Angular\DemoApp\App\outDir\src\app\app-routing.module.js.map
D:\Angular\DemoApp\App\outDir\src\app\app.component.js
D:\Angular\DemoApp\App\outDir\src\app\app.component.js.map
D:\Angular\DemoApp\App\outDir\src\app\app.module.js
D:\Angular\DemoApp\App\outDir\src\app\app.module.js.map
D:\Angular\DemoApp\App\outDir\src\environments\environment.js
D:\Angular\DemoApp\App\outDir\src\environments\environment.js.map
D:\Angular\DemoApp\App\outDir\src\main.js
D:\Angular\DemoApp\App\outDir\src\main.js.map
D:\Angular\DemoApp\App\outDir\src\polyfills.js
D:\Angular\DemoApp\App\outDir\src\polyfills.js.map
D:\Angular\DemoApp\App\outDir\src\test.js
D:\Angular\DemoApp\App\outDir\src\test.js.map
D:\Angular\DemoApp\App\outDir\src\environments\environment.prod.js
D:\Angular\DemoApp\App\outDir\src\environments\environment.prod.js.map
D:\Angular\DemoApp\App\outDir\src\app\app.component.spec.js
D:\Angular\DemoApp\App\outDir\src\app\app.component.spec.js.map
D:\Angular\DemoApp\App\outDir\src\app\user-details\user-details.component.spec.js
D:\Angular\DemoApp\App\outDir\src\app\user-details\user-details.component.spec.js.map
D:\Angular\DemoApp\App\outDir\src\app\user-details\Shared\user-details.service.spec.js
D:\Angular\DemoApp\App\outDir\src\app\user-details\Shared\user-details.service.spec.js.map
D:\Angular\DemoApp\App\outDir\e2e\app.po.js
D:\Angular\DemoApp\App\outDir\e2e\app.po.js.map
D:\Angular\DemoApp\App\outDir\e2e\app.e2e-spec.js
D:\Angular\DemoApp\App\outDir\e2e\app.e2e-spec.js.map
D:\Angular\DemoApp\App\outDir\src\app\user-details\Shared\userdetail.model.js
D:\Angular\DemoApp\App\outDir\src\app\user-details\Shared\userdetail.model.js.map
D:\Angular\DemoApp\App\outDir\src\app\user-details\Shared\user-details.service.js
D:\Angular\DemoApp\App\outDir\src\app\user-details\Shared\user-details.service.js.map
D:\Angular\DemoApp\App\outDir\src\app\user-details\user-details.component.js
D:\Angular\DemoApp\App\outDir\src\app\user-details\user-details.component.js.map
D:\Angular\DemoApp\App\outDir\src\app\app-routing.module.js
D:\Angular\DemoApp\App\outDir\src\app\app-routing.module.js.map
D:\Angular\DemoApp\App\outDir\src\app\app.component.js
D:\Angular\DemoApp\App\outDir\src\app\app.component.js.map
D:\Angular\DemoApp\App\outDir\src\app\app.module.js
D:\Angular\DemoApp\App\outDir\src\app\app.module.js.map
D:\Angular\DemoApp\App\outDir\src\environments\environment.js
D:\Angular\DemoApp\App\outDir\src\environments\environment.js.map
D:\Angular\DemoApp\App\outDir\src\main.js
D:\Angular\DemoApp\App\outDir\src\main.js.map
D:\Angular\DemoApp\App\outDir\src\polyfills.js
D:\Angular\DemoApp\App\outDir\src\polyfills.js.map
D:\Angular\DemoApp\App\outDir\src\test.js
D:\Angular\DemoApp\App\outDir\src\test.js.map
D:\Angular\DemoApp\App\outDir\src\environments\environment.prod.js
D:\Angular\DemoApp\App\outDir\src\environments\environment.prod.js.map
D:\Angular\DemoApp\App\outDir\src\app\app.component.spec.js
D:\Angular\DemoApp\App\outDir\src\app\app.component.spec.js.map
D:\Angular\DemoApp\App\outDir\src\app\user-details\user-details.component.spec.js
D:\Angular\DemoApp\App\outDir\src\app\user-details\user-details.component.spec.js.map
D:\Angular\DemoApp\App\outDir\src\app\user-details\Shared\user-details.service.spec.js
D:\Angular\DemoApp\App\outDir\src\app\user-details\Shared\user-details.service.spec.js.map
D:\Angular\DemoApp\App\outDir\e2e\app.po.js
D:\Angular\DemoApp\App\outDir\e2e\app.po.js.map
D:\Angular\DemoApp\App\outDir\e2e\app.e2e-spec.js
D:\Angular\DemoApp\App\outDir\e2e\app.e2e-spec.js.map
D:\Angular\DemoApp\App\outDir\src\app\user-details\Shared\userdetail.model.js
D:\Angular\DemoApp\App\outDir\src\app\user-details\Shared\userdetail.model.js.map
D:\Angular\DemoApp\App\outDir\src\app\user-details\Shared\user-details.service.js
D:\Angular\DemoApp\App\outDir\src\app\user-details\Shared\user-details.service.js.map
D:\Angular\DemoApp\App\outDir\src\app\user-details\user-details.component.js
D:\Angular\DemoApp\App\outDir\src\app\user-details\user-details.component.js.map
D:\Angular\DemoApp\App\outDir\src\app\app-routing.module.js
D:\Angular\DemoApp\App\outDir\src\app\app-routing.module.js.map
D:\Angular\DemoApp\App\outDir\src\app\app.component.js
D:\Angular\DemoApp\App\outDir\src\app\app.component.js.map
D:\Angular\DemoApp\App\outDir\src\app\app.module.js
D:\Angular\DemoApp\App\outDir\src\app\app.module.js.map
D:\Angular\DemoApp\App\outDir\src\environments\environment.js
D:\Angular\DemoApp\App\outDir\src\environments\environment.js.map
D:\Angular\DemoApp\App\outDir\src\main.js
D:\Angular\DemoApp\App\outDir\src\main.js.map
D:\Angular\DemoApp\App\outDir\src\polyfills.js
D:\Angular\DemoApp\App\outDir\src\polyfills.js.map
D:\Angular\DemoApp\App\outDir\src\test.js
D:\Angular\DemoApp\App\outDir\src\test.js.map
D:\Angular\DemoApp\App\outDir\src\environments\environment.prod.js
D:\Angular\DemoApp\App\outDir\src\environments\environment.prod.js.map
D:\Angular\DemoApp\App\outDir\src\app\app.component.spec.js
D:\Angular\DemoApp\App\outDir\src\app\app.component.spec.js.map
D:\Angular\DemoApp\App\outDir\src\app\user-details\user-details.component.spec.js
D:\Angular\DemoApp\App\outDir\src\app\user-details\user-details.component.spec.js.map
D:\Angular\DemoApp\App\outDir\src\app\user-details\Shared\user-details.service.spec.js
D:\Angular\DemoApp\App\outDir\src\app\user-details\Shared\user-details.service.spec.js.map
D:\Angular\DemoApp\App\outDir\e2e\app.po.js
D:\Angular\DemoApp\App\outDir\e2e\app.po.js.map
D:\Angular\DemoApp\App\outDir\e2e\app.e2e-spec.js
D:\Angular\DemoApp\App\outDir\e2e\app.e2e-spec.js.map
D:\Angular\DemoApp\App\outDir\src\app\user-details\Shared\userdetail.model.js
D:\Angular\DemoApp\App\outDir\src\app\user-details\Shared\userdetail.model.js.map
D:\Angular\DemoApp\App\outDir\src\app\user-details\Shared\user-details.service.js
D:\Angular\DemoApp\App\outDir\src\app\user-details\Shared\user-details.service.js.map
D:\Angular\DemoApp\App\outDir\src\app\user-details\user-details.component.js
D:\Angular\DemoApp\App\outDir\src\app\user-details\user-details.component.js.map
D:\Angular\DemoApp\App\outDir\src\app\app-routing.module.js
D:\Angular\DemoApp\App\outDir\src\app\app-routing.module.js.map
D:\Angular\DemoApp\App\outDir\src\app\app.component.js
D:\Angular\DemoApp\App\outDir\src\app\app.component.js.map
D:\Angular\DemoApp\App\outDir\src\app\app.module.js
D:\Angular\DemoApp\App\outDir\src\app\app.module.js.map
D:\Angular\DemoApp\App\outDir\src\environments\environment.js
D:\Angular\DemoApp\App\outDir\src\environments\environment.js.map
D:\Angular\DemoApp\App\outDir\src\main.js
D:\Angular\DemoApp\App\outDir\src\main.js.map
D:\Angular\DemoApp\App\outDir\src\polyfills.js
D:\Angular\DemoApp\App\outDir\src\polyfills.js.map
D:\Angular\DemoApp\App\outDir\src\test.js
D:\Angular\DemoApp\App\outDir\src\test.js.map
D:\Angular\DemoApp\App\outDir\src\environments\environment.prod.js
D:\Angular\DemoApp\App\outDir\src\environments\environment.prod.js.map
D:\Angular\DemoApp\App\outDir\src\app\app.component.spec.js
D:\Angular\DemoApp\App\outDir\src\app\app.component.spec.js.map
D:\Angular\DemoApp\App\outDir\src\app\user-details\user-details.component.spec.js
D:\Angular\DemoApp\App\outDir\src\app\user-details\user-details.component.spec.js.map
D:\Angular\DemoApp\App\outDir\src\app\user-details\Shared\user-details.service.spec.js
D:\Angular\DemoApp\App\outDir\src\app\user-details\Shared\user-details.service.spec.js.map
D:\Angular\DemoApp\App\outDir\e2e\app.po.js
D:\Angular\DemoApp\App\outDir\e2e\app.po.js.map
D:\Angular\DemoApp\App\outDir\e2e\app.e2e-spec.js
D:\Angular\DemoApp\App\outDir\e2e\app.e2e-spec.js.map
D:\Angular\DemoApp\App\outDir\src\app\user-details\Shared\userdetail.model.js
D:\Angular\DemoApp\App\outDir\src\app\user-details\Shared\userdetail.model.js.map
D:\Angular\DemoApp\App\outDir\src\app\user-details\Shared\user-details.service.js
D:\Angular\DemoApp\App\outDir\src\app\user-details\Shared\user-details.service.js.map
D:\Angular\DemoApp\App\outDir\src\app\user-details\user-details.component.js
D:\Angular\DemoApp\App\outDir\src\app\user-details\user-details.component.js.map
D:\Angular\DemoApp\App\outDir\src\app\app-routing.module.js
D:\Angular\DemoApp\App\outDir\src\app\app-routing.module.js.map
D:\Angular\DemoApp\App\outDir\src\app\app.component.js
D:\Angular\DemoApp\App\outDir\src\app\app.component.js.map
D:\Angular\DemoApp\App\outDir\src\app\app.module.js
D:\Angular\DemoApp\App\outDir\src\app\app.module.js.map
D:\Angular\DemoApp\App\outDir\src\environments\environment.js
D:\Angular\DemoApp\App\outDir\src\environments\environment.js.map
D:\Angular\DemoApp\App\outDir\src\main.js
D:\Angular\DemoApp\App\outDir\src\main.js.map
D:\Angular\DemoApp\App\outDir\src\polyfills.js
D:\Angular\DemoApp\App\outDir\src\polyfills.js.map
D:\Angular\DemoApp\App\outDir\src\test.js
D:\Angular\DemoApp\App\outDir\src\test.js.map
D:\Angular\DemoApp\App\outDir\src\environments\environment.prod.js
D:\Angular\DemoApp\App\outDir\src\environments\environment.prod.js.map
D:\Angular\DemoApp\App\outDir\src\app\app.component.spec.js
D:\Angular\DemoApp\App\outDir\src\app\app.component.spec.js.map
D:\Angular\DemoApp\App\outDir\src\app\user-details\user-details.component.spec.js
D:\Angular\DemoApp\App\outDir\src\app\user-details\user-details.component.spec.js.map
D:\Angular\DemoApp\App\outDir\src\app\user-details\Shared\user-details.service.spec.js
D:\Angular\DemoApp\App\outDir\src\app\user-details\Shared\user-details.service.spec.js.map
D:\Angular\DemoApp\App\outDir\e2e\app.po.js
D:\Angular\DemoApp\App\outDir\e2e\app.po.js.map
D:\Angular\DemoApp\App\outDir\e2e\app.e2e-spec.js
D:\Angular\DemoApp\App\outDir\e2e\app.e2e-spec.js.map
D:\Angular\DemoApp\App\outDir\src\app\user-details\Shared\userdetail.model.js
D:\Angular\DemoApp\App\outDir\src\app\user-details\Shared\userdetail.model.js.map
D:\Angular\DemoApp\App\outDir\src\app\user-details\Shared\user-details.service.js
D:\Angular\DemoApp\App\outDir\src\app\user-details\Shared\user-details.service.js.map
D:\Angular\DemoApp\App\outDir\src\app\user-details\user-details.component.js
D:\Angular\DemoApp\App\outDir\src\app\user-details\user-details.component.js.map
D:\Angular\DemoApp\App\outDir\src\app\app-routing.module.js
D:\Angular\DemoApp\App\outDir\src\app\app-routing.module.js.map
D:\Angular\DemoApp\App\outDir\src\app\app.component.js
D:\Angular\DemoApp\App\outDir\src\app\app.component.js.map
D:\Angular\DemoApp\App\outDir\src\app\app.module.js
D:\Angular\DemoApp\App\outDir\src\app\app.module.js.map
D:\Angular\DemoApp\App\outDir\src\environments\environment.js
D:\Angular\DemoApp\App\outDir\src\environments\environment.js.map
D:\Angular\DemoApp\App\outDir\src\main.js
D:\Angular\DemoApp\App\outDir\src\main.js.map
D:\Angular\DemoApp\App\outDir\src\polyfills.js
D:\Angular\DemoApp\App\outDir\src\polyfills.js.map
D:\Angular\DemoApp\App\outDir\src\test.js
D:\Angular\DemoApp\App\outDir\src\test.js.map
D:\Angular\DemoApp\App\outDir\src\environments\environment.prod.js
D:\Angular\DemoApp\App\outDir\src\environments\environment.prod.js.map
D:\Angular\DemoApp\App\outDir\src\app\app.component.spec.js
D:\Angular\DemoApp\App\outDir\src\app\app.component.spec.js.map
D:\Angular\DemoApp\App\outDir\src\app\user-details\user-details.component.spec.js
D:\Angular\DemoApp\App\outDir\src\app\user-details\user-details.component.spec.js.map
D:\Angular\DemoApp\App\outDir\src\app\user-details\Shared\user-details.service.spec.js
D:\Angular\DemoApp\App\outDir\src\app\user-details\Shared\user-details.service.spec.js.map
D:\Angular\DemoApp\App\outDir\e2e\app.po.js
D:\Angular\DemoApp\App\outDir\e2e\app.po.js.map
D:\Angular\DemoApp\App\outDir\e2e\app.e2e-spec.js
D:\Angular\DemoApp\App\outDir\e2e\app.e2e-spec.js.map
D:\Angular\DemoApp\App\outDir\src\app\user-details\Shared\userdetail.model.js
D:\Angular\DemoApp\App\outDir\src\app\user-details\Shared\userdetail.model.js.map
D:\Angular\DemoApp\App\outDir\src\app\user-details\Shared\user-details.service.js
D:\Angular\DemoApp\App\outDir\src\app\user-details\Shared\user-details.service.js.map
D:\Angular\DemoApp\App\outDir\src\app\user-details\user-details.component.js
D:\Angular\DemoApp\App\outDir\src\app\user-details\user-details.component.js.map
D:\Angular\DemoApp\App\outDir\src\app\app-routing.module.js
D:\Angular\DemoApp\App\outDir\src\app\app-routing.module.js.map
D:\Angular\DemoApp\App\outDir\src\app\app.component.js
D:\Angular\DemoApp\App\outDir\src\app\app.component.js.map
D:\Angular\DemoApp\App\outDir\src\app\app.module.js
D:\Angular\DemoApp\App\outDir\src\app\app.module.js.map
D:\Angular\DemoApp\App\outDir\src\environments\environment.js
D:\Angular\DemoApp\App\outDir\src\environments\environment.js.map
D:\Angular\DemoApp\App\outDir\src\main.js
D:\Angular\DemoApp\App\outDir\src\main.js.map
D:\Angular\DemoApp\App\outDir\src\polyfills.js
D:\Angular\DemoApp\App\outDir\src\polyfills.js.map
D:\Angular\DemoApp\App\outDir\src\test.js
D:\Angular\DemoApp\App\outDir\src\test.js.map
D:\Angular\DemoApp\App\outDir\src\environments\environment.prod.js
D:\Angular\DemoApp\App\outDir\src\environments\environment.prod.js.map
D:\Angular\DemoApp\App\outDir\src\app\app.component.spec.js
D:\Angular\DemoApp\App\outDir\src\app\app.component.spec.js.map
D:\Angular\DemoApp\App\outDir\src\app\user-details\user-details.component.spec.js
D:\Angular\DemoApp\App\outDir\src\app\user-details\user-details.component.spec.js.map
D:\Angular\DemoApp\App\outDir\src\app\user-details\Shared\user-details.service.spec.js
D:\Angular\DemoApp\App\outDir\src\app\user-details\Shared\user-details.service.spec.js.map
D:\Angular\DemoApp\App\outDir\e2e\app.po.js
D:\Angular\DemoApp\App\outDir\e2e\app.po.js.map
D:\Angular\DemoApp\App\outDir\e2e\app.e2e-spec.js
D:\Angular\DemoApp\App\outDir\e2e\app.e2e-spec.js.map
D:\Angular\DemoApp\App\outDir\src\app\user-details\Shared\userdetail.model.js
D:\Angular\DemoApp\App\outDir\src\app\user-details\Shared\userdetail.model.js.map
D:\Angular\DemoApp\App\outDir\src\app\user-details\Shared\user-details.service.js
D:\Angular\DemoApp\App\outDir\src\app\user-details\Shared\user-details.service.js.map
D:\Angular\DemoApp\App\outDir\src\app\user-details\user-details.component.js
D:\Angular\DemoApp\App\outDir\src\app\user-details\user-details.component.js.map
D:\Angular\DemoApp\App\outDir\src\app\app-routing.module.js
D:\Angular\DemoApp\App\outDir\src\app\app-routing.module.js.map
D:\Angular\DemoApp\App\outDir\src\app\app.component.js
D:\Angular\DemoApp\App\outDir\src\app\app.component.js.map
D:\Angular\DemoApp\App\outDir\src\app\app.module.js
D:\Angular\DemoApp\App\outDir\src\app\app.module.js.map
D:\Angular\DemoApp\App\outDir\src\environments\environment.js
D:\Angular\DemoApp\App\outDir\src\environments\environment.js.map
D:\Angular\DemoApp\App\outDir\src\main.js
D:\Angular\DemoApp\App\outDir\src\main.js.map
D:\Angular\DemoApp\App\outDir\src\polyfills.js
D:\Angular\DemoApp\App\outDir\src\polyfills.js.map
D:\Angular\DemoApp\App\outDir\src\test.js
D:\Angular\DemoApp\App\outDir\src\test.js.map
D:\Angular\DemoApp\App\outDir\src\environments\environment.prod.js
D:\Angular\DemoApp\App\outDir\src\environments\environment.prod.js.map
D:\Angular\DemoApp\App\outDir\src\app\app.component.spec.js
D:\Angular\DemoApp\App\outDir\src\app\app.component.spec.js.map
D:\Angular\DemoApp\App\outDir\src\app\user-details\user-details.component.spec.js
D:\Angular\DemoApp\App\outDir\src\app\user-details\user-details.component.spec.js.map
D:\Angular\DemoApp\App\outDir\src\app\user-details\Shared\user-details.service.spec.js
D:\Angular\DemoApp\App\outDir\src\app\user-details\Shared\user-details.service.spec.js.map
D:\Angular\DemoApp\App\outDir\e2e\app.po.js
D:\Angular\DemoApp\App\outDir\e2e\app.po.js.map
D:\Angular\DemoApp\App\outDir\e2e\app.e2e-spec.js
D:\Angular\DemoApp\App\outDir\e2e\app.e2e-spec.js.map
D:\Angular\DemoApp\App\outDir\src\app\user-details\Shared\userdetail.model.js
D:\Angular\DemoApp\App\outDir\src\app\user-details\Shared\userdetail.model.js.map
D:\Angular\DemoApp\App\outDir\src\app\user-details\Shared\user-details.service.js
D:\Angular\DemoApp\App\outDir\src\app\user-details\Shared\user-details.service.js.map
D:\Angular\DemoApp\App\outDir\src\app\user-details\user-details.component.js
D:\Angular\DemoApp\App\outDir\src\app\user-details\user-details.component.js.map
D:\Angular\DemoApp\App\outDir\src\app\app-routing.module.js
D:\Angular\DemoApp\App\outDir\src\app\app-routing.module.js.map
D:\Angular\DemoApp\App\outDir\src\app\app.component.js
D:\Angular\DemoApp\App\outDir\src\app\app.component.js.map
D:\Angular\DemoApp\App\outDir\src\app\app.module.js
D:\Angular\DemoApp\App\outDir\src\app\app.module.js.map
D:\Angular\DemoApp\App\outDir\src\environments\environment.js
D:\Angular\DemoApp\App\outDir\src\environments\environment.js.map
D:\Angular\DemoApp\App\outDir\src\main.js
D:\Angular\DemoApp\App\outDir\src\main.js.map
D:\Angular\DemoApp\App\outDir\src\polyfills.js
D:\Angular\DemoApp\App\outDir\src\polyfills.js.map
D:\Angular\DemoApp\App\outDir\src\test.js
D:\Angular\DemoApp\App\outDir\src\test.js.map
D:\Angular\DemoApp\App\outDir\src\environments\environment.prod.js
D:\Angular\DemoApp\App\outDir\src\environments\environment.prod.js.map
D:\Angular\DemoApp\App\outDir\src\app\app.component.spec.js
D:\Angular\DemoApp\App\outDir\src\app\app.component.spec.js.map
D:\Angular\DemoApp\App\outDir\src\app\user-details\user-details.component.spec.js
D:\Angular\DemoApp\App\outDir\src\app\user-details\user-details.component.spec.js.map
D:\Angular\DemoApp\App\outDir\src\app\user-details\Shared\user-details.service.spec.js
D:\Angular\DemoApp\App\outDir\src\app\user-details\Shared\user-details.service.spec.js.map
D:\Angular\DemoApp\App\outDir\e2e\app.po.js
D:\Angular\DemoApp\App\outDir\e2e\app.po.js.map
D:\Angular\DemoApp\App\outDir\e2e\app.e2e-spec.js
D:\Angular\DemoApp\App\outDir\e2e\app.e2e-spec.js.map
D:\Angular\DemoApp\App\outDir\src\app\user-details\Shared\userdetail.model.js
D:\Angular\DemoApp\App\outDir\src\app\user-details\Shared\userdetail.model.js.map
D:\Angular\DemoApp\App\outDir\src\app\user-details\Shared\user-details.service.js
D:\Angular\DemoApp\App\outDir\src\app\user-details\Shared\user-details.service.js.map
D:\Angular\DemoApp\App\outDir\src\app\user-details\user-details.component.js
D:\Angular\DemoApp\App\outDir\src\app\user-details\user-details.component.js.map
D:\Angular\DemoApp\App\outDir\src\app\app-routing.module.js
D:\Angular\DemoApp\App\outDir\src\app\app-routing.module.js.map
D:\Angular\DemoApp\App\outDir\src\app\app.component.js
D:\Angular\DemoApp\App\outDir\src\app\app.component.js.map
D:\Angular\DemoApp\App\outDir\src\app\app.module.js
D:\Angular\DemoApp\App\outDir\src\app\app.module.js.map
D:\Angular\DemoApp\App\outDir\src\environments\environment.js
D:\Angular\DemoApp\App\outDir\src\environments\environment.js.map
D:\Angular\DemoApp\App\outDir\src\main.js
D:\Angular\DemoApp\App\outDir\src\main.js.map
D:\Angular\DemoApp\App\outDir\src\polyfills.js
D:\Angular\DemoApp\App\outDir\src\polyfills.js.map
D:\Angular\DemoApp\App\outDir\src\test.js
D:\Angular\DemoApp\App\outDir\src\test.js.map
D:\Angular\DemoApp\App\outDir\src\environments\environment.prod.js
D:\Angular\DemoApp\App\outDir\src\environments\environment.prod.js.map
D:\Angular\DemoApp\App\outDir\src\app\app.component.spec.js
D:\Angular\DemoApp\App\outDir\src\app\app.component.spec.js.map
D:\Angular\DemoApp\App\outDir\src\app\user-details\user-details.component.spec.js
D:\Angular\DemoApp\App\outDir\src\app\user-details\user-details.component.spec.js.map
D:\Angular\DemoApp\App\outDir\src\app\user-details\Shared\user-details.service.spec.js
D:\Angular\DemoApp\App\outDir\src\app\user-details\Shared\user-details.service.spec.js.map
D:\Angular\DemoApp\App\outDir\e2e\app.po.js
D:\Angular\DemoApp\App\outDir\e2e\app.po.js.map
D:\Angular\DemoApp\App\outDir\e2e\app.e2e-spec.js
D:\Angular\DemoApp\App\outDir\e2e\app.e2e-spec.js.map
D:\Angular\DemoApp\App\outDir\src\app\user-details\Shared\userdetail.model.js
D:\Angular\DemoApp\App\outDir\src\app\user-details\Shared\userdetail.model.js.map
D:\Angular\DemoApp\App\outDir\src\app\user-details\Shared\user-details.service.js
D:\Angular\DemoApp\App\outDir\src\app\user-details\Shared\user-details.service.js.map
D:\Angular\DemoApp\App\outDir\src\app\user-details\user-details.component.js
D:\Angular\DemoApp\App\outDir\src\app\user-details\user-details.component.js.map
D:\Angular\DemoApp\App\outDir\src\app\app-routing.module.js
D:\Angular\DemoApp\App\outDir\src\app\app-routing.module.js.map
D:\Angular\DemoApp\App\outDir\src\app\app.component.js
D:\Angular\DemoApp\App\outDir\src\app\app.component.js.map
D:\Angular\DemoApp\App\outDir\src\app\app.module.js
D:\Angular\DemoApp\App\outDir\src\app\app.module.js.map
D:\Angular\DemoApp\App\outDir\src\environments\environment.js
D:\Angular\DemoApp\App\outDir\src\environments\environment.js.map
D:\Angular\DemoApp\App\outDir\src\main.js
D:\Angular\DemoApp\App\outDir\src\main.js.map
D:\Angular\DemoApp\App\outDir\src\polyfills.js
D:\Angular\DemoApp\App\outDir\src\polyfills.js.map
D:\Angular\DemoApp\App\outDir\src\test.js
D:\Angular\DemoApp\App\outDir\src\test.js.map
D:\Angular\DemoApp\App\outDir\src\environments\environment.prod.js
D:\Angular\DemoApp\App\outDir\src\environments\environment.prod.js.map
D:\Angular\DemoApp\App\outDir\src\app\app.component.spec.js
D:\Angular\DemoApp\App\outDir\src\app\app.component.spec.js.map
D:\Angular\DemoApp\App\outDir\src\app\user-details\user-details.component.spec.js
D:\Angular\DemoApp\App\outDir\src\app\user-details\user-details.component.spec.js.map
D:\Angular\DemoApp\App\outDir\src\app\user-details\Shared\user-details.service.spec.js
D:\Angular\DemoApp\App\outDir\src\app\user-details\Shared\user-details.service.spec.js.map
D:\Angular\DemoApp\App\outDir\e2e\app.po.js
D:\Angular\DemoApp\App\outDir\e2e\app.po.js.map
D:\Angular\DemoApp\App\outDir\e2e\app.e2e-spec.js
D:\Angular\DemoApp\App\outDir\e2e\app.e2e-spec.js.map
D:\Angular\DemoApp\App\outDir\src\app\user-details\Shared\userdetail.model.js
D:\Angular\DemoApp\App\outDir\src\app\user-details\Shared\userdetail.model.js.map
D:\Angular\DemoApp\App\outDir\src\app\user-details\Shared\user-details.service.js
D:\Angular\DemoApp\App\outDir\src\app\user-details\Shared\user-details.service.js.map
D:\Angular\DemoApp\App\outDir\src\app\user-details\user-details.component.js
D:\Angular\DemoApp\App\outDir\src\app\user-details\user-details.component.js.map
D:\Angular\DemoApp\App\outDir\src\app\app-routing.module.js
D:\Angular\DemoApp\App\outDir\src\app\app-routing.module.js.map
D:\Angular\DemoApp\App\outDir\src\app\app.component.js
D:\Angular\DemoApp\App\outDir\src\app\app.component.js.map
D:\Angular\DemoApp\App\outDir\src\app\app.module.js
D:\Angular\DemoApp\App\outDir\src\app\app.module.js.map
D:\Angular\DemoApp\App\outDir\src\environments\environment.js
D:\Angular\DemoApp\App\outDir\src\environments\environment.js.map
D:\Angular\DemoApp\App\outDir\src\main.js
D:\Angular\DemoApp\App\outDir\src\main.js.map
D:\Angular\DemoApp\App\outDir\src\polyfills.js
D:\Angular\DemoApp\App\outDir\src\polyfills.js.map
D:\Angular\DemoApp\App\outDir\src\test.js
D:\Angular\DemoApp\App\outDir\src\test.js.map
D:\Angular\DemoApp\App\outDir\src\environments\environment.prod.js
D:\Angular\DemoApp\App\outDir\src\environments\environment.prod.js.map
D:\Angular\DemoApp\App\outDir\src\app\app.component.spec.js
D:\Angular\DemoApp\App\outDir\src\app\app.component.spec.js.map
D:\Angular\DemoApp\App\outDir\src\app\user-details\user-details.component.spec.js
D:\Angular\DemoApp\App\outDir\src\app\user-details\user-details.component.spec.js.map
D:\Angular\DemoApp\App\outDir\src\app\user-details\Shared\user-details.service.spec.js
D:\Angular\DemoApp\App\outDir\src\app\user-details\Shared\user-details.service.spec.js.map
D:\Angular\DemoApp\App\outDir\e2e\app.po.js
D:\Angular\DemoApp\App\outDir\e2e\app.po.js.map
D:\Angular\DemoApp\App\outDir\e2e\app.e2e-spec.js
D:\Angular\DemoApp\App\outDir\e2e\app.e2e-spec.js.map
D:\Angular\DemoApp\App\outDir\src\app\user-details\Shared\userdetail.model.js
D:\Angular\DemoApp\App\outDir\src\app\user-details\Shared\userdetail.model.js.map
D:\Angular\DemoApp\App\outDir\src\app\user-details\Shared\user-details.service.js
D:\Angular\DemoApp\App\outDir\src\app\user-details\Shared\user-details.service.js.map
D:\Angular\DemoApp\App\outDir\src\app\user-details\user-details.component.js
D:\Angular\DemoApp\App\outDir\src\app\user-details\user-details.component.js.map
D:\Angular\DemoApp\App\outDir\src\app\app-routing.module.js
D:\Angular\DemoApp\App\outDir\src\app\app-routing.module.js.map
D:\Angular\DemoApp\App\outDir\src\app\app.component.js
D:\Angular\DemoApp\App\outDir\src\app\app.component.js.map
D:\Angular\DemoApp\App\outDir\src\app\app.module.js
D:\Angular\DemoApp\App\outDir\src\app\app.module.js.map
D:\Angular\DemoApp\App\outDir\src\environments\environment.js
D:\Angular\DemoApp\App\outDir\src\environments\environment.js.map
D:\Angular\DemoApp\App\outDir\src\main.js
D:\Angular\DemoApp\App\outDir\src\main.js.map
D:\Angular\DemoApp\App\outDir\src\polyfills.js
D:\Angular\DemoApp\App\outDir\src\polyfills.js.map
D:\Angular\DemoApp\App\outDir\src\test.js
D:\Angular\DemoApp\App\outDir\src\test.js.map
D:\Angular\DemoApp\App\outDir\src\environments\environment.prod.js
D:\Angular\DemoApp\App\outDir\src\environments\environment.prod.js.map
D:\Angular\DemoApp\App\outDir\src\app\app.component.spec.js
D:\Angular\DemoApp\App\outDir\src\app\app.component.spec.js.map
D:\Angular\DemoApp\App\outDir\src\app\user-details\user-details.component.spec.js
D:\Angular\DemoApp\App\outDir\src\app\user-details\user-details.component.spec.js.map
D:\Angular\DemoApp\App\outDir\src\app\user-details\Shared\user-details.service.spec.js
D:\Angular\DemoApp\App\outDir\src\app\user-details\Shared\user-details.service.spec.js.map
D:\Angular\DemoApp\App\outDir\e2e\app.po.js
D:\Angular\DemoApp\App\outDir\e2e\app.po.js.map
D:\Angular\DemoApp\App\outDir\e2e\app.e2e-spec.js
D:\Angular\DemoApp\App\outDir\e2e\app.e2e-spec.js.map
D:\Angular\DemoApp\App\outDir\src\app\user-details\Shared\userdetail.model.js
D:\Angular\DemoApp\App\outDir\src\app\user-details\Shared\userdetail.model.js.map
D:\Angular\DemoApp\App\outDir\src\app\user-details\Shared\user-details.service.js
D:\Angular\DemoApp\App\outDir\src\app\user-details\Shared\user-details.service.js.map
D:\Angular\DemoApp\App\outDir\src\app\user-details\user-details.component.js
D:\Angular\DemoApp\App\outDir\src\app\user-details\user-details.component.js.map
D:\Angular\DemoApp\App\outDir\src\app\app-routing.module.js
D:\Angular\DemoApp\App\outDir\src\app\app-routing.module.js.map
D:\Angular\DemoApp\App\outDir\src\app\app.component.js
D:\Angular\DemoApp\App\outDir\src\app\app.component.js.map
D:\Angular\DemoApp\App\outDir\src\app\app.module.js
D:\Angular\DemoApp\App\outDir\src\app\app.module.js.map
D:\Angular\DemoApp\App\outDir\src\environments\environment.js
D:\Angular\DemoApp\App\outDir\src\environments\environment.js.map
D:\Angular\DemoApp\App\outDir\src\main.js
D:\Angular\DemoApp\App\outDir\src\main.js.map
D:\Angular\DemoApp\App\outDir\src\polyfills.js
D:\Angular\DemoApp\App\outDir\src\polyfills.js.map
D:\Angular\DemoApp\App\outDir\src\test.js
D:\Angular\DemoApp\App\outDir\src\test.js.map
D:\Angular\DemoApp\App\outDir\src\environments\environment.prod.js
D:\Angular\DemoApp\App\outDir\src\environments\environment.prod.js.map
D:\Angular\DemoApp\App\outDir\src\app\app.component.spec.js
D:\Angular\DemoApp\App\outDir\src\app\app.component.spec.js.map
D:\Angular\DemoApp\App\outDir\src\app\user-details\user-details.component.spec.js
D:\Angular\DemoApp\App\outDir\src\app\user-details\user-details.component.spec.js.map
D:\Angular\DemoApp\App\outDir\src\app\user-details\Shared\user-details.service.spec.js
D:\Angular\DemoApp\App\outDir\src\app\user-details\Shared\user-details.service.spec.js.map
D:\Angular\DemoApp\App\outDir\e2e\app.po.js
D:\Angular\DemoApp\App\outDir\e2e\app.po.js.map
D:\Angular\DemoApp\App\outDir\e2e\app.e2e-spec.js
D:\Angular\DemoApp\App\outDir\e2e\app.e2e-spec.js.map
D:\Angular\DemoApp\App\outDir\src\app\user-details\Shared\userdetail.model.js
D:\Angular\DemoApp\App\outDir\src\app\user-details\Shared\userdetail.model.js.map
D:\Angular\DemoApp\App\outDir\src\app\user-details\Shared\user-details.service.js
D:\Angular\DemoApp\App\outDir\src\app\user-details\Shared\user-details.service.js.map
D:\Angular\DemoApp\App\outDir\src\app\user-details\user-details.component.js
D:\Angular\DemoApp\App\outDir\src\app\user-details\user-details.component.js.map
D:\Angular\DemoApp\App\outDir\src\app\app-routing.module.js
D:\Angular\DemoApp\App\outDir\src\app\app-routing.module.js.map
D:\Angular\DemoApp\App\outDir\src\app\app.component.js
D:\Angular\DemoApp\App\outDir\src\app\app.component.js.map
D:\Angular\DemoApp\App\outDir\src\app\app.module.js
D:\Angular\DemoApp\App\outDir\src\app\app.module.js.map
D:\Angular\DemoApp\App\outDir\src\environments\environment.js
D:\Angular\DemoApp\App\outDir\src\environments\environment.js.map
D:\Angular\DemoApp\App\outDir\src\main.js
D:\Angular\DemoApp\App\outDir\src\main.js.map
D:\Angular\DemoApp\App\outDir\src\polyfills.js
D:\Angular\DemoApp\App\outDir\src\polyfills.js.map
D:\Angular\DemoApp\App\outDir\src\test.js
D:\Angular\DemoApp\App\outDir\src\test.js.map
D:\Angular\DemoApp\App\outDir\src\environments\environment.prod.js
D:\Angular\DemoApp\App\outDir\src\environments\environment.prod.js.map
D:\Angular\DemoApp\App\outDir\src\app\app.component.spec.js
D:\Angular\DemoApp\App\outDir\src\app\app.component.spec.js.map
D:\Angular\DemoApp\App\outDir\src\app\user-details\user-details.component.spec.js
D:\Angular\DemoApp\App\outDir\src\app\user-details\user-details.component.spec.js.map
D:\Angular\DemoApp\App\outDir\src\app\user-details\Shared\user-details.service.spec.js
D:\Angular\DemoApp\App\outDir\src\app\user-details\Shared\user-details.service.spec.js.map
D:\Angular\DemoApp\App\outDir\e2e\app.po.js
D:\Angular\DemoApp\App\outDir\e2e\app.po.js.map
D:\Angular\DemoApp\App\outDir\e2e\app.e2e-spec.js
D:\Angular\DemoApp\App\outDir\e2e\app.e2e-spec.js.map
D:\Angular\DemoApp\App\outDir\src\app\user-details\Shared\userdetail.model.js
D:\Angular\DemoApp\App\outDir\src\app\user-details\Shared\userdetail.model.js.map
D:\Angular\DemoApp\App\outDir\src\app\user-details\Shared\user-details.service.js
D:\Angular\DemoApp\App\outDir\src\app\user-details\Shared\user-details.service.js.map
D:\Angular\DemoApp\App\outDir\src\app\user-details\user-details.component.js
D:\Angular\DemoApp\App\outDir\src\app\user-details\user-details.component.js.map
D:\Angular\DemoApp\App\outDir\src\app\app-routing.module.js
D:\Angular\DemoApp\App\outDir\src\app\app-routing.module.js.map
D:\Angular\DemoApp\App\outDir\src\app\app.component.js
D:\Angular\DemoApp\App\outDir\src\app\app.component.js.map
D:\Angular\DemoApp\App\outDir\src\app\app.module.js
D:\Angular\DemoApp\App\outDir\src\app\app.module.js.map
D:\Angular\DemoApp\App\outDir\src\environments\environment.js
D:\Angular\DemoApp\App\outDir\src\environments\environment.js.map
D:\Angular\DemoApp\App\outDir\src\main.js
D:\Angular\DemoApp\App\outDir\src\main.js.map
D:\Angular\DemoApp\App\outDir\src\polyfills.js
D:\Angular\DemoApp\App\outDir\src\polyfills.js.map
D:\Angular\DemoApp\App\outDir\src\test.js
D:\Angular\DemoApp\App\outDir\src\test.js.map
D:\Angular\DemoApp\App\outDir\src\environments\environment.prod.js
D:\Angular\DemoApp\App\outDir\src\environments\environment.prod.js.map
D:\Angular\DemoApp\App\outDir\src\app\app.component.spec.js
D:\Angular\DemoApp\App\outDir\src\app\app.component.spec.js.map
D:\Angular\DemoApp\App\outDir\src\app\user-details\user-details.component.spec.js
D:\Angular\DemoApp\App\outDir\src\app\user-details\user-details.component.spec.js.map
D:\Angular\DemoApp\App\outDir\src\app\user-details\Shared\user-details.service.spec.js
D:\Angular\DemoApp\App\outDir\src\app\user-details\Shared\user-details.service.spec.js.map
D:\Angular\DemoApp\App\outDir\e2e\app.po.js
D:\Angular\DemoApp\App\outDir\e2e\app.po.js.map
D:\Angular\DemoApp\App\outDir\e2e\app.e2e-spec.js
D:\Angular\DemoApp\App\outDir\e2e\app.e2e-spec.js.map
